0 info it worked if it ends with ok
1 verbose cli [ '/usr/local/bin/node', '/usr/local/bin/npm', 'publish' ]
2 info using npm@3.10.6
3 info using node@v6.2.2
4 verbose publish [ '.' ]
5 silly cache add args [ '.', null ]
6 verbose cache add spec .
7 silly cache add parsed spec Result {
7 silly cache add   raw: '.',
7 silly cache add   scope: null,
7 silly cache add   escapedName: null,
7 silly cache add   name: null,
7 silly cache add   rawSpec: '.',
7 silly cache add   spec: '/Users/pradeep.ksm/Projects/react-sample-component',
7 silly cache add   type: 'directory' }
8 verbose addLocalDirectory /Users/pradeep.ksm/.npm/react-sample-component/1.0.5/package.tgz not in flight; packing
9 verbose correctMkdir /Users/pradeep.ksm/.npm correctMkdir not in flight; initializing
10 info lifecycle react-sample-component@1.0.5~prepublish: react-sample-component@1.0.5
11 silly lifecycle react-sample-component@1.0.5~prepublish: no script for prepublish, continuing
12 verbose tar pack [ '/Users/pradeep.ksm/.npm/react-sample-component/1.0.5/package.tgz',
12 verbose tar pack   '/Users/pradeep.ksm/Projects/react-sample-component' ]
13 verbose tarball /Users/pradeep.ksm/.npm/react-sample-component/1.0.5/package.tgz
14 verbose folder /Users/pradeep.ksm/Projects/react-sample-component
15 verbose addLocalTarball adding from inside cache /Users/pradeep.ksm/.npm/react-sample-component/1.0.5/package.tgz
16 verbose correctMkdir /Users/pradeep.ksm/.npm correctMkdir not in flight; initializing
17 silly cache afterAdd react-sample-component@1.0.5
18 verbose afterAdd /Users/pradeep.ksm/.npm/react-sample-component/1.0.5/package/package.json not in flight; writing
19 verbose correctMkdir /Users/pradeep.ksm/.npm correctMkdir not in flight; initializing
20 verbose afterAdd /Users/pradeep.ksm/.npm/react-sample-component/1.0.5/package/package.json written
21 silly publish { name: 'react-sample-component',
21 silly publish   version: '1.0.5',
21 silly publish   description: 'Sample react component',
21 silly publish   main: 'index.js',
21 silly publish   scripts: { test: 'echo "Error: no test specified" && exit 1' },
21 silly publish   repository:
21 silly publish    { type: 'git',
21 silly publish      url: 'git+https://github.com/pradeepkumarsm/react-sample-component.git' },
21 silly publish   author:
21 silly publish    { name: 'Pradeep Kumar S M',
21 silly publish      email: 'pradeepkumar.sm999@gmail.com' },
21 silly publish   license: 'ISC',
21 silly publish   bugs: { url: 'https://github.com/pradeepkumarsm/react-sample-component/issues' },
21 silly publish   files: [ 'src/', 'dis' ],
21 silly publish   homepage: 'https://github.com/pradeepkumarsm/react-sample-component#readme',
21 silly publish   dependencies: { jquery: '^3.1.0' },
21 silly publish   readme: '# react-sample-component',
21 silly publish   readmeFilename: 'README.md',
21 silly publish   gitHead: 'f1a3a147da72ad82f357e972dc76d6bf952d88eb',
21 silly publish   _id: 'react-sample-component@1.0.5',
21 silly publish   _shasum: 'f2301630cdcc338540e650b2cb1f7538751e8d87',
21 silly publish   _from: '.' }
22 verbose getPublishConfig undefined
23 silly mapToRegistry name react-sample-component
24 silly mapToRegistry using default registry
25 silly mapToRegistry registry https://registry.npmjs.org/.
26 silly mapToRegistry data Result {
26 silly mapToRegistry   raw: 'react-sample-component',
26 silly mapToRegistry   scope: null,
26 silly mapToRegistry   escapedName: 'react-sample-component',
26 silly mapToRegistry   name: 'react-sample-component',
26 silly mapToRegistry   rawSpec: '',
26 silly mapToRegistry   spec: 'latest',
26 silly mapToRegistry   type: 'tag' }
27 silly mapToRegistry uri https://registry.npmjs.org/react-sample-component
28 verbose publish registryBase https://registry.npmjs.org/./
29 silly publish uploading /Users/pradeep.ksm/.npm/react-sample-component/1.0.5/package.tgz
30 verbose request uri https://registry.npmjs.org/react-sample-component
31 verbose request sending authorization for write operation
32 info attempt registry request try #1 at 12:10:26 PM
33 verbose request using bearer token for auth
34 verbose request id ec9a05192b346291
35 http request PUT https://registry.npmjs.org/react-sample-component
36 http 403 https://registry.npmjs.org/react-sample-component
37 verbose headers { 'content-type': 'application/json',
37 verbose headers   'cache-control': 'max-age=300',
37 verbose headers   'content-length': '128',
37 verbose headers   'accept-ranges': 'bytes',
37 verbose headers   date: 'Thu, 04 Aug 2016 06:40:29 GMT',
37 verbose headers   via: '1.1 varnish',
37 verbose headers   connection: 'keep-alive',
37 verbose headers   'x-served-by': 'cache-sin6922-SIN',
37 verbose headers   'x-cache': 'MISS',
37 verbose headers   'x-cache-hits': '0',
37 verbose headers   'x-timer': 'S1470292828.221919,VS0,VE1089',
37 verbose headers   vary: 'Accept-Encoding' }
38 verbose request invalidating /Users/pradeep.ksm/.npm/registry.npmjs.org/react-sample-component on PUT
39 error publish Failed PUT 403
40 verbose stack Error: "You cannot publish over the previously published version 1.0.5. Try bumping the version to 2.0.0" : react-sample-component
40 verbose stack     at makeError (/usr/local/lib/node_modules/npm/node_modules/npm-registry-client/lib/request.js:264:12)
40 verbose stack     at CachingRegistryClient.<anonymous> (/usr/local/lib/node_modules/npm/node_modules/npm-registry-client/lib/request.js:252:14)
40 verbose stack     at Request._callback (/usr/local/lib/node_modules/npm/node_modules/npm-registry-client/lib/request.js:172:14)
40 verbose stack     at Request.self.callback (/usr/local/lib/node_modules/npm/node_modules/request/request.js:200:22)
40 verbose stack     at emitTwo (events.js:106:13)
40 verbose stack     at Request.emit (events.js:191:7)
40 verbose stack     at Request.<anonymous> (/usr/local/lib/node_modules/npm/node_modules/request/request.js:1067:10)
40 verbose stack     at emitOne (events.js:101:20)
40 verbose stack     at Request.emit (events.js:188:7)
40 verbose stack     at IncomingMessage.<anonymous> (/usr/local/lib/node_modules/npm/node_modules/request/request.js:988:12)
41 verbose statusCode 403
42 verbose pkgid react-sample-component
43 verbose cwd /Users/pradeep.ksm/Projects/react-sample-component
44 error Darwin 15.6.0
45 error argv "/usr/local/bin/node" "/usr/local/bin/npm" "publish"
46 error node v6.2.2
47 error npm  v3.10.6
48 error code E403
49 error "You cannot publish over the previously published version 1.0.5. Try bumping the version to 2.0.0" : react-sample-component
50 error If you need help, you may report this error at:
50 error     <https://github.com/npm/npm/issues>
51 verbose exit [ 1, true ]
